{"C:\\Users\\ABBAS\\Desktop\\Personal\\Projects\\Shows\\src\\modules\\testing\\countingLikes.js": {"path":"C:\\Users\\ABBAS\\Desktop\\Personal\\Projects\\Shows\\src\\modules\\testing\\countingLikes.js","statementMap":{"0":{"start":{"line":2,"column":14},"end":{"line":10,"column":4}},"1":{"start":{"line":11,"column":15},"end":{"line":11,"column":31}},"2":{"start":{"line":12,"column":2},"end":{"line":12,"column":14}},"3":{"start":{"line":14,"column":0},"end":{"line":14,"column":26}}},"fnMap":{"0":{"name":"LikesAdd","decl":{"start":{"line":1,"column":15},"end":{"line":1,"column":23}},"loc":{"start":{"line":1,"column":28},"end":{"line":13,"column":1}},"line":1}},"branchMap":{},"s":{"0":2,"1":2,"2":2,"3":1},"f":{"0":2},"b":{},"_coverageSchema":"1a1c01bbd47fc00a2c39e90264f33305004495a9","hash":"c3be73d0d5f74382ea15da078b29bcbb2163803d"}
,"C:\\Users\\ABBAS\\Desktop\\Personal\\Projects\\Shows\\src\\modules\\testing\\getReceiveAPI.js": {"path":"C:\\Users\\ABBAS\\Desktop\\Personal\\Projects\\Shows\\src\\modules\\testing\\getReceiveAPI.js","statementMap":{"0":{"start":{"line":1,"column":17},"end":{"line":5,"column":1}},"1":{"start":{"line":2,"column":19},"end":{"line":2,"column":132}},"2":{"start":{"line":3,"column":15},"end":{"line":3,"column":36}},"3":{"start":{"line":4,"column":2},"end":{"line":4,"column":14}},"4":{"start":{"line":6,"column":0},"end":{"line":6,"column":26}}},"fnMap":{"0":{"name":"(anonymous_0)","decl":{"start":{"line":1,"column":17},"end":{"line":1,"column":18}},"loc":{"start":{"line":1,"column":29},"end":{"line":5,"column":1}},"line":1}},"branchMap":{},"s":{"0":1,"1":2,"2":2,"3":2,"4":1},"f":{"0":2},"b":{},"_coverageSchema":"1a1c01bbd47fc00a2c39e90264f33305004495a9","hash":"b2fecfb4fa750c1c09233c1345d9b96d2a6553f3"}
}
